# JRE version: OpenJDK Runtime Environment (8.0_212-b04) (build 1.8.0_212-release-1586-b04)
# Java VM: OpenJDK 64-Bit Server VM (25.212-b04 mixed mode windows-amd64 compressed oops)
Heap:
 PSYoungGen      total 256512K, used 136220K [0x00000000e0000000, 0x00000000f4200000, 0x0000000100000000)
  eden space 181760K, 61% used [0x00000000e0000000,0x00000000e6d313f0,0x00000000eb180000)
  from space 74752K, 32% used [0x00000000ef900000,0x00000000f10d5f18,0x00000000f4200000)
  to   space 73216K, 0% used [0x00000000eb180000,0x00000000eb180000,0x00000000ef900000)
 ParOldGen       total 217600K, used 156342K [0x00000000a0000000, 0x00000000ad480000, 0x00000000e0000000)
  object space 217600K, 71% used [0x00000000a0000000,0x00000000a98adaf8,0x00000000ad480000)
 Metaspace       used 112733K, capacity 121438K, committed 121676K, reserved 1155072K
  class space    used 14301K, capacity 15858K, committed 15948K, reserved 1048576K
GC Heap History (10 events):
Event: 19580.264 GC heap before
{Heap before GC invocations=56 (full 4):
 PSYoungGen      total 220672K, used 219065K [0x00000000e0000000, 0x00000000f3900000, 0x0000000100000000)
  eden space 174080K, 99% used [0x00000000e0000000,0x00000000ea8a4500,0x00000000eaa00000)
  from space 46592K, 99% used [0x00000000eae80000,0x00000000edbca2e0,0x00000000edc00000)
  to   space 73216K, 0% used [0x00000000ef180000,0x00000000ef180000,0x00000000f3900000)
 ParOldGen       total 217600K, used 131190K [0x00000000a0000000, 0x00000000ad480000, 0x00000000e0000000)
  object space 217600K, 60% used [0x00000000a0000000,0x00000000a801d900,0x00000000ad480000)
 Metaspace       used 112185K, capacity 120922K, committed 121164K, reserved 1155072K
  class space    used 14283K, capacity 15850K, committed 15948K, reserved 1048576K
Event: 19580.431 GC heap after
Heap after GC invocations=56 (full 4):
 PSYoungGen      total 240640K, used 62627K [0x00000000e0000000, 0x00000000f4180000, 0x0000000100000000)
  eden space 167424K, 0% used [0x00000000e0000000,0x00000000e0000000,0x00000000ea380000)
  from space 73216K, 85% used [0x00000000ef180000,0x00000000f2ea8cb8,0x00000000f3900000)
  to   space 79872K, 0% used [0x00000000ea380000,0x00000000ea380000,0x00000000ef180000)
 ParOldGen       total 217600K, used 131198K [0x00000000a0000000, 0x00000000ad480000, 0x00000000e0000000)
  object space 217600K, 60% used [0x00000000a0000000,0x00000000a801f900,0x00000000ad480000)
 Metaspace       used 112185K, capacity 120922K, committed 121164K, reserved 1155072K
  class space    used 14283K, capacity 15850K, committed 15948K, reserved 1048576K
}
Event: 19763.298 GC heap before
{Heap before GC invocations=57 (full 4):
 PSYoungGen      total 240640K, used 230051K [0x00000000e0000000, 0x00000000f4180000, 0x0000000100000000)
  eden space 167424K, 100% used [0x00000000e0000000,0x00000000ea380000,0x00000000ea380000)
  from space 73216K, 85% used [0x00000000ef180000,0x00000000f2ea8cb8,0x00000000f3900000)
  to   space 79872K, 0% used [0x00000000ea380000,0x00000000ea380000,0x00000000ef180000)
 ParOldGen       total 217600K, used 131198K [0x00000000a0000000, 0x00000000ad480000, 0x00000000e0000000)
  object space 217600K, 60% used [0x00000000a0000000,0x00000000a801f900,0x00000000ad480000)
 Metaspace       used 112310K, capacity 120990K, committed 121164K, reserved 1155072K
  class space    used 14289K, capacity 15850K, committed 15948K, reserved 1048576K
Event: 19763.386 GC heap after
Heap after GC invocations=57 (full 4):
 PSYoungGen      total 208384K, used 44815K [0x00000000e0000000, 0x00000000f3880000, 0x0000000100000000)
  eden space 163328K, 0% used [0x00000000e0000000,0x00000000e0000000,0x00000000e9f80000)
  from space 45056K, 99% used [0x00000000ea380000,0x00000000ecf43df8,0x00000000ecf80000)
  to   space 78336K, 0% used [0x00000000eec00000,0x00000000eec00000,0x00000000f3880000)
 ParOldGen       total 217600K, used 131198K [0x00000000a0000000, 0x00000000ad480000, 0x00000000e0000000)
  object space 217600K, 60% used [0x00000000a0000000,0x00000000a801f900,0x00000000ad480000)
 Metaspace       used 112310K, capacity 120990K, committed 121164K, reserved 1155072K
  class space    used 14289K, capacity 15850K, committed 15948K, reserved 1048576K
}
Event: 19783.286 GC heap before
{Heap before GC invocations=58 (full 4):
 PSYoungGen      total 208384K, used 208143K [0x00000000e0000000, 0x00000000f3880000, 0x0000000100000000)
  eden space 163328K, 100% used [0x00000000e0000000,0x00000000e9f80000,0x00000000e9f80000)
  from space 45056K, 99% used [0x00000000ea380000,0x00000000ecf43df8,0x00000000ecf80000)
  to   space 78336K, 0% used [0x00000000eec00000,0x00000000eec00000,0x00000000f3880000)
 ParOldGen       total 217600K, used 131198K [0x00000000a0000000, 0x00000000ad480000, 0x00000000e0000000)
  object space 217600K, 60% used [0x00000000a0000000,0x00000000a801f900,0x00000000ad480000)
 Metaspace       used 112513K, capacity 121260K, committed 121420K, reserved 1155072K
  class space    used 14292K, capacity 15853K, committed 15948K, reserved 1048576K
Event: 19783.473 GC heap after
Heap after GC invocations=58 (full 4):
 PSYoungGen      total 231424K, used 46696K [0x00000000e0000000, 0x00000000f3280000, 0x0000000100000000)
  eden space 159232K, 0% used [0x00000000e0000000,0x00000000e0000000,0x00000000e9b80000)
  from space 72192K, 64% used [0x00000000eec00000,0x00000000f199a2e8,0x00000000f3280000)
  to   space 77312K, 0% used [0x00000000e9b80000,0x00000000e9b80000,0x00000000ee700000)
 ParOldGen       total 217600K, used 131198K [0x00000000a0000000, 0x00000000ad480000, 0x00000000e0000000)
  object space 217600K, 60% used [0x00000000a0000000,0x00000000a801f900,0x00000000ad480000)
 Metaspace       used 112513K, capacity 121260K, committed 121420K, reserved 1155072K
  class space    used 14292K, capacity 15853K, committed 15948K, reserved 1048576K
}
Event: 19788.667 GC heap before
{Heap before GC invocations=59 (full 4):
 PSYoungGen      total 231424K, used 205928K [0x00000000e0000000, 0x00000000f3280000, 0x0000000100000000)
  eden space 159232K, 100% used [0x00000000e0000000,0x00000000e9b80000,0x00000000e9b80000)
  from space 72192K, 64% used [0x00000000eec00000,0x00000000f199a2e8,0x00000000f3280000)
  to   space 77312K, 0% used [0x00000000e9b80000,0x00000000e9b80000,0x00000000ee700000)
 ParOldGen       total 217600K, used 131198K [0x00000000a0000000, 0x00000000ad480000, 0x00000000e0000000)
  object space 217600K, 60% used [0x00000000a0000000,0x00000000a801f900,0x00000000ad480000)
 Metaspace       used 112577K, capacity 121280K, committed 121420K, reserved 1155072K
  class space    used 14294K, capacity 15855K, committed 15948K, reserved 1048576K
Event: 19788.858 GC heap after
Heap after GC invocations=59 (full 4):
 PSYoungGen      total 236544K, used 48439K [0x00000000e0000000, 0x00000000f4400000, 0x0000000100000000)
  eden space 159232K, 0% used [0x00000000e0000000,0x00000000e0000000,0x00000000e9b80000)
  from space 77312K, 62% used [0x00000000e9b80000,0x00000000ecacdeb0,0x00000000ee700000)
  to   space 76800K, 0% used [0x00000000ef900000,0x00000000ef900000,0x00000000f4400000)
 ParOldGen       total 217600K, used 131198K [0x00000000a0000000, 0x00000000ad480000, 0x00000000e0000000)
  object space 217600K, 60% used [0x00000000a0000000,0x00000000a801f900,0x00000000ad480000)
 Metaspace       used 112577K, capacity 121280K, committed 121420K, reserved 1155072K
  class space    used 14294K, capacity 15855K, committed 15948K, reserved 1048576K
}
Event: 19791.339 GC heap before
{Heap before GC invocations=60 (full 4):
 PSYoungGen      total 236544K, used 207671K [0x00000000e0000000, 0x00000000f4400000, 0x0000000100000000)
  eden space 159232K, 100% used [0x00000000e0000000,0x00000000e9b80000,0x00000000e9b80000)
  from space 77312K, 62% used [0x00000000e9b80000,0x00000000ecacdeb0,0x00000000ee700000)
  to   space 76800K, 0% used [0x00000000ef900000,0x00000000ef900000,0x00000000f4400000)
 ParOldGen       total 217600K, used 131220K [0x00000000a0000000, 0x00000000ad480000, 0x00000000e0000000)
  object space 217600K, 60% used [0x00000000a0000000,0x00000000a8025008,0x00000000ad480000)
 Metaspace       used 112618K, capacity 121360K, committed 121676K, reserved 1155072K
  class space    used 14295K, capacity 15857K, committed 15948K, reserved 1048576K
Event: 19791.521 GC heap after
Heap after GC invocations=60 (full 4):
 PSYoungGen      total 256512K, used 40846K [0x00000000e0000000, 0x00000000f4200000, 0x0000000100000000)
  eden space 181760K, 0% used [0x00000000e0000000,0x00000000e0000000,0x00000000eb180000)
  from space 74752K, 54% used [0x00000000ef900000,0x00000000f20e3850,0x00000000f4200000)
  to   space 73216K, 0% used [0x00000000eb180000,0x00000000eb180000,0x00000000ef900000)
 ParOldGen       total 217600K, used 138514K [0x00000000a0000000, 0x00000000ad480000, 0x00000000e0000000)
  object space 217600K, 63% used [0x00000000a0000000,0x00000000a8744848,0x00000000ad480000)
 Metaspace       used 112618K, capacity 121360K, committed 121676K, reserved 1155072K
  class space    used 14295K, capacity 15857K, committed 15948K, reserved 1048576K
}

